Performing C SOURCE FILE Test CMAKE_HAVE_LIBC_PTHREAD failed with the following output:
Change Dir: /freeture/build/CMakeFiles/CMakeTmp

Run Build Command(s):/usr/bin/gmake cmTC_60cab/fast && /usr/bin/gmake  -f CMakeFiles/cmTC_60cab.dir/build.make CMakeFiles/cmTC_60cab.dir/build
gmake[1]: Entering directory '/freeture/build/CMakeFiles/CMakeTmp'
Building C object CMakeFiles/cmTC_60cab.dir/src.c.o
/usr/bin/gcc   -DCMAKE_HAVE_LIBC_PTHREAD -o CMakeFiles/cmTC_60cab.dir/src.c.o -c /freeture/build/CMakeFiles/CMakeTmp/src.c
Linking C executable cmTC_60cab
/usr/bin/cmake -E cmake_link_script CMakeFiles/cmTC_60cab.dir/link.txt --verbose=1
/usr/bin/gcc  -DCMAKE_HAVE_LIBC_PTHREAD -rdynamic CMakeFiles/cmTC_60cab.dir/src.c.o -o cmTC_60cab 
/usr/bin/ld: CMakeFiles/cmTC_60cab.dir/src.c.o: in function `main':
src.c:(.text+0x2f): undefined reference to `pthread_create'
/usr/bin/ld: src.c:(.text+0x3b): undefined reference to `pthread_detach'
/usr/bin/ld: src.c:(.text+0x47): undefined reference to `pthread_cancel'
/usr/bin/ld: src.c:(.text+0x58): undefined reference to `pthread_join'
collect2: error: ld returned 1 exit status
gmake[1]: *** [CMakeFiles/cmTC_60cab.dir/build.make:106: cmTC_60cab] Error 1
gmake[1]: Leaving directory '/freeture/build/CMakeFiles/CMakeTmp'
gmake: *** [Makefile:140: cmTC_60cab/fast] Error 2


Source file was:
#include <pthread.h>

void* test_func(void* data)
{
  return data;
}

int main(void)
{
  pthread_t thread;
  pthread_create(&thread, NULL, test_func, NULL);
  pthread_detach(thread);
  pthread_cancel(thread);
  pthread_join(thread, NULL);
  pthread_atfork(NULL, NULL, NULL);
  pthread_exit(NULL);

  return 0;
}

Determining if the function pthread_create exists in the pthreads failed with the following output:
Change Dir: /freeture/build/CMakeFiles/CMakeTmp

Run Build Command(s):/usr/bin/gmake cmTC_8e420/fast && /usr/bin/gmake  -f CMakeFiles/cmTC_8e420.dir/build.make CMakeFiles/cmTC_8e420.dir/build
gmake[1]: Entering directory '/freeture/build/CMakeFiles/CMakeTmp'
Building C object CMakeFiles/cmTC_8e420.dir/CheckFunctionExists.c.o
/usr/bin/gcc   -DCHECK_FUNCTION_EXISTS=pthread_create -o CMakeFiles/cmTC_8e420.dir/CheckFunctionExists.c.o -c /usr/share/cmake-3.18/Modules/CheckFunctionExists.c
Linking C executable cmTC_8e420
/usr/bin/cmake -E cmake_link_script CMakeFiles/cmTC_8e420.dir/link.txt --verbose=1
/usr/bin/gcc  -DCHECK_FUNCTION_EXISTS=pthread_create -rdynamic CMakeFiles/cmTC_8e420.dir/CheckFunctionExists.c.o -o cmTC_8e420  -lpthreads 
/usr/bin/ld: cannot find -lpthreads
collect2: error: ld returned 1 exit status
gmake[1]: *** [CMakeFiles/cmTC_8e420.dir/build.make:106: cmTC_8e420] Error 1
gmake[1]: Leaving directory '/freeture/build/CMakeFiles/CMakeTmp'
gmake: *** [Makefile:140: cmTC_8e420/fast] Error 2



Performing C SOURCE FILE Test CMAKE_HAVE_LIBC_PTHREAD failed with the following output:
Change Dir: /home/mattia/Desktop/freeture/freeture/build/CMakeFiles/CMakeTmp

Run Build Command(s):/usr/bin/gmake cmTC_6763e/fast && /usr/bin/gmake  -f CMakeFiles/cmTC_6763e.dir/build.make CMakeFiles/cmTC_6763e.dir/build
gmake[1]: Entering directory '/home/mattia/Desktop/freeture/freeture/build/CMakeFiles/CMakeTmp'
Building C object CMakeFiles/cmTC_6763e.dir/src.c.o
/usr/bin/gcc   -DCMAKE_HAVE_LIBC_PTHREAD -o CMakeFiles/cmTC_6763e.dir/src.c.o -c /home/mattia/Desktop/freeture/freeture/build/CMakeFiles/CMakeTmp/src.c
Linking C executable cmTC_6763e
/usr/bin/cmake -E cmake_link_script CMakeFiles/cmTC_6763e.dir/link.txt --verbose=1
/usr/bin/gcc  -DCMAKE_HAVE_LIBC_PTHREAD -rdynamic CMakeFiles/cmTC_6763e.dir/src.c.o -o cmTC_6763e 
/usr/bin/ld: CMakeFiles/cmTC_6763e.dir/src.c.o: in function `main':
src.c:(.text+0x2f): undefined reference to `pthread_create'
/usr/bin/ld: src.c:(.text+0x3b): undefined reference to `pthread_detach'
/usr/bin/ld: src.c:(.text+0x47): undefined reference to `pthread_cancel'
/usr/bin/ld: src.c:(.text+0x58): undefined reference to `pthread_join'
collect2: error: ld returned 1 exit status
gmake[1]: *** [CMakeFiles/cmTC_6763e.dir/build.make:106: cmTC_6763e] Error 1
gmake[1]: Leaving directory '/home/mattia/Desktop/freeture/freeture/build/CMakeFiles/CMakeTmp'
gmake: *** [Makefile:140: cmTC_6763e/fast] Error 2


Source file was:
#include <pthread.h>

void* test_func(void* data)
{
  return data;
}

int main(void)
{
  pthread_t thread;
  pthread_create(&thread, NULL, test_func, NULL);
  pthread_detach(thread);
  pthread_cancel(thread);
  pthread_join(thread, NULL);
  pthread_atfork(NULL, NULL, NULL);
  pthread_exit(NULL);

  return 0;
}

Determining if the function pthread_create exists in the pthreads failed with the following output:
Change Dir: /home/mattia/Desktop/freeture/freeture/build/CMakeFiles/CMakeTmp

Run Build Command(s):/usr/bin/gmake cmTC_91656/fast && /usr/bin/gmake  -f CMakeFiles/cmTC_91656.dir/build.make CMakeFiles/cmTC_91656.dir/build
gmake[1]: Entering directory '/home/mattia/Desktop/freeture/freeture/build/CMakeFiles/CMakeTmp'
Building C object CMakeFiles/cmTC_91656.dir/CheckFunctionExists.c.o
/usr/bin/gcc   -DCHECK_FUNCTION_EXISTS=pthread_create -o CMakeFiles/cmTC_91656.dir/CheckFunctionExists.c.o -c /usr/share/cmake-3.18/Modules/CheckFunctionExists.c
Linking C executable cmTC_91656
/usr/bin/cmake -E cmake_link_script CMakeFiles/cmTC_91656.dir/link.txt --verbose=1
/usr/bin/gcc  -DCHECK_FUNCTION_EXISTS=pthread_create -rdynamic CMakeFiles/cmTC_91656.dir/CheckFunctionExists.c.o -o cmTC_91656  -lpthreads 
/usr/bin/ld: cannot find -lpthreads
collect2: error: ld returned 1 exit status
gmake[1]: *** [CMakeFiles/cmTC_91656.dir/build.make:106: cmTC_91656] Error 1
gmake[1]: Leaving directory '/home/mattia/Desktop/freeture/freeture/build/CMakeFiles/CMakeTmp'
gmake: *** [Makefile:140: cmTC_91656/fast] Error 2



